{"dimensions": [20, 20],
 "maze": [["X", "X", "X", "X", "X", "X", "X", "X", "X", "X", "X", "X", "X", "X", "X", "X", "X", "X", "X", "X"],
          ["X", "X", "X", "X", "X", "X", "X", "X", "X", "X", "X", "X", "X", "X", "X", "X", "X", "X", "X", "X"],
          ["X", "X", "X", "X", "X", "X", "X", "X", "X", "X", "X", "X", "X", "X", "X", "X", "X", "X", "X", "X"],
          ["X", "X", "X", "X", "X", "X", "X", "X", "X", "X", "X", "X", "X", "X", "X", "X", "X", "X", "X", "X"],
          ["X", "X", "X", "X", "X", "X", "X", "X", "X", "X", "X", "X", "X", "X", "X", "X", "X", "X", "X", "X"],
          ["X", "X", "X", "X", "X", "X", "X", "X", "X", "X", "X", "X", "X", "X", "X", "X", "X", "X", "X", "X"],
          ["X", "X", "X", "X", "X", "X", "X", "X", "X", "X", "X", "X", "X", "X", "X", "X", "X", "X", "X", "X"],
          ["X", "X", "X", "X", "X", "X", "X", "X", "X", "X", "X", "X", "X", "X", "X", "X", "X", "X", "X", "X"],
          ["X", "X", "X", "X", "X", "X", "X", "X", "X", "X", "X", "X", "X", "X", "X", "X", "X", "X", "X", "X"],
          ["X", "X", "X", "X", "X", "X", "X", "X", "X", "X", "X", "X", "X", "X", "X", "X", "X", "X", "X", "X"],
          ["X", "X", "X", "X", "X", "X", "X", "X", "X", "X", "X", "X", "X", "X", "X", "X", "X", "X", "X", "X"],
          ["X", "X", "X", "X", "X", "X", "X", "X", "X", "X", "X", "X", "X", "X", "X", "X", "X", "X", "X", "X"],
          ["X", "X", "X", "X", "X", "X", "X", "X", "X", "X", "X", "X", "X", "X", "X", "X", "X", "X", "X", "X"],
          ["X", "X", "X", "X", "X", "X", "X", "X", "X", "X", "X", "X", "X", "X", "X", "X", "X", "X", "X", "X"],
          ["X", "X", "X", "X", "X", "X", "X", "X", "X", "X", "X", "X", "X", "X", "X", "X", "X", "X", "X", "X"],
          ["X", "X", "X", "X", "X", "X", "X", "X", "X", "X", "X", "X", "X", "X", "X", "X", "X", "X", "X", "X"],
          ["X", "X", "X", "X", "X", "X", "X", "X", "X", "X", "X", "X", "X", "X", "X", "X", "X", "X", "X", "X"],
          ["X", "X", "X", "X", "X", "X", "X", "X", "X", "X", "X", "X", "X", "X", "X", "X", "X", "X", "X", "X"],
          ["X", "X", "X", "X", "X", "X", "X", "X", "X", "X", "X", "X", "X", "X", "X", "X", "X", "X", "X", "X"],
          ["X", "X", "X", "X", "X", "X", "X", "X", "X", "X", "X", "X", "X", "X", "X", "X", "X", "X", "X", "X"]]
}
